{
  "stats": {
    "suites": 1,
    "tests": 5,
    "passes": 5,
    "pending": 0,
    "failures": 0,
    "start": "2023-11-22T16:00:51.392Z",
    "end": "2023-11-22T16:01:02.293Z",
    "duration": 10901,
    "testsRegistered": 5,
    "passPercent": 100,
    "pendingPercent": 0,
    "other": 0,
    "hasOther": false,
    "skipped": 0,
    "hasSkipped": false
  },
  "results": [
    {
      "uuid": "a99c3017-7e6a-467a-8f54-a59e7d60e2fa",
      "title": "",
      "fullFile": "cypress/e2e/signup.cy.js",
      "file": "cypress/e2e/signup.cy.js",
      "beforeHooks": [],
      "afterHooks": [],
      "tests": [],
      "suites": [
        {
          "uuid": "b91787ea-2384-4e6c-9741-a644cfe56bc0",
          "title": "Signing up functionality",
          "fullFile": "",
          "file": "",
          "beforeHooks": [],
          "afterHooks": [],
          "tests": [
            {
              "title": "Signup button should be clickable",
              "fullTitle": "Signing up functionality Signup button should be clickable",
              "timedOut": null,
              "duration": 2745,
              "state": "passed",
              "speed": "fast",
              "pass": true,
              "fail": false,
              "pending": false,
              "context": null,
              "code": "cy.visit(\"/\");\nhomePage.clickSignupLink();\nsignupPage.signupButton().should(\"be.enabled\");",
              "err": {},
              "uuid": "b82bc906-c416-4a5a-bafc-e25984418874",
              "parentUUID": "b91787ea-2384-4e6c-9741-a644cfe56bc0",
              "isHook": false,
              "skipped": false
            },
            {
              "title": "Signup should not be allowed without filling in username",
              "fullTitle": "Signing up functionality Signup should not be allowed without filling in username",
              "timedOut": null,
              "duration": 2099,
              "state": "passed",
              "speed": "fast",
              "pass": true,
              "fail": false,
              "pending": false,
              "context": null,
              "code": "cy.visit(\"/\");\nhomePage.clickSignupLink();\nsignupPage.fillSignupForm(undefined, randomEmail, randomPassword);\nsignupPage.signupButton().click();\nsignupPage.errorMessageContainer().should(\"contain.text\", \"username can't be blank\");",
              "err": {},
              "uuid": "d0489fe5-2e18-4848-87ac-f8ad0d9c02f6",
              "parentUUID": "b91787ea-2384-4e6c-9741-a644cfe56bc0",
              "isHook": false,
              "skipped": false
            },
            {
              "title": "Signup should not be allowed without filling in email",
              "fullTitle": "Signing up functionality Signup should not be allowed without filling in email",
              "timedOut": null,
              "duration": 1411,
              "state": "passed",
              "speed": "fast",
              "pass": true,
              "fail": false,
              "pending": false,
              "context": null,
              "code": "cy.visit(\"/\");\nhomePage.clickSignupLink();\nsignupPage.fillSignupForm(randomName, undefined, randomPassword);\nsignupPage.signupButton().click();\nsignupPage.errorMessageContainer().should(\"contain.text\", \"email can't be blank\");",
              "err": {},
              "uuid": "b906e786-745e-4480-be2a-3a6fe8a1858f",
              "parentUUID": "b91787ea-2384-4e6c-9741-a644cfe56bc0",
              "isHook": false,
              "skipped": false
            },
            {
              "title": "Signup should not be allowed without filling in password",
              "fullTitle": "Signing up functionality Signup should not be allowed without filling in password",
              "timedOut": null,
              "duration": 1555,
              "state": "passed",
              "speed": "fast",
              "pass": true,
              "fail": false,
              "pending": false,
              "context": null,
              "code": "cy.visit(\"/\");\nhomePage.clickSignupLink();\nsignupPage.fillSignupForm(randomName, randomEmail, undefined);\nsignupPage.signupButton().click();\nsignupPage.errorMessageContainer().should(\"contain.text\", \"password can't be blank\");",
              "err": {},
              "uuid": "ed510265-188f-49bb-a87f-f164576a7909",
              "parentUUID": "b91787ea-2384-4e6c-9741-a644cfe56bc0",
              "isHook": false,
              "skipped": false
            },
            {
              "title": "Signup with valid credentials",
              "fullTitle": "Signing up functionality Signup with valid credentials",
              "timedOut": null,
              "duration": 2762,
              "state": "passed",
              "speed": "fast",
              "pass": true,
              "fail": false,
              "pending": false,
              "context": null,
              "code": "cy.visit(\"/\");\nhomePage.clickSignupLink();\nsignupPage.fillSignupForm(randomName, randomEmail, randomPassword);\nsignupPage.signupButton().click();\ncy.url().should(\"eq\", `${Cypress.config().baseUrl}`);",
              "err": {},
              "uuid": "dd41bfc5-c1eb-442a-ba68-e6c494e0bb8f",
              "parentUUID": "b91787ea-2384-4e6c-9741-a644cfe56bc0",
              "isHook": false,
              "skipped": false
            }
          ],
          "suites": [],
          "passes": [
            "b82bc906-c416-4a5a-bafc-e25984418874",
            "d0489fe5-2e18-4848-87ac-f8ad0d9c02f6",
            "b906e786-745e-4480-be2a-3a6fe8a1858f",
            "ed510265-188f-49bb-a87f-f164576a7909",
            "dd41bfc5-c1eb-442a-ba68-e6c494e0bb8f"
          ],
          "failures": [],
          "pending": [],
          "skipped": [],
          "duration": 10572,
          "root": false,
          "rootEmpty": false,
          "_timeout": 2000
        }
      ],
      "passes": [],
      "failures": [],
      "pending": [],
      "skipped": [],
      "duration": 0,
      "root": true,
      "rootEmpty": true,
      "_timeout": 2000
    }
  ],
  "meta": {
    "mocha": {
      "version": "7.0.1"
    },
    "mochawesome": {
      "options": {
        "quiet": false,
        "reportFilename": "mochawesome",
        "saveHtml": true,
        "saveJson": true,
        "consoleReporter": "spec",
        "useInlineDiffs": false,
        "code": true
      },
      "version": "7.1.3"
    },
    "marge": {
      "options": null,
      "version": "6.2.0"
    }
  }
}